[debug] [2022-07-14T03:06:18.958Z] ----------------------------------------------------------------------
[debug] [2022-07-14T03:06:18.961Z] Command:       C:\Program Files\nodejs\node.exe C:\Users\USUARIO\AppData\Roaming\npm\node_modules\firebase-tools\lib\bin\firebase.js init
[debug] [2022-07-14T03:06:18.962Z] CLI Version:   11.2.2
[debug] [2022-07-14T03:06:18.962Z] Platform:      win32
[debug] [2022-07-14T03:06:18.962Z] Node Version:  v16.15.0
[debug] [2022-07-14T03:06:18.963Z] Time:          Thu Jul 14 2022 00:06:18 GMT-0300 (hora estándar de Argentina)
[debug] [2022-07-14T03:06:18.963Z] ----------------------------------------------------------------------
[debug] 
[debug] [2022-07-14T03:06:18.971Z] > command requires scopes: ["email","openid","https://www.googleapis.com/auth/cloudplatformprojects.readonly","https://www.googleapis.com/auth/firebase","https://www.googleapis.com/auth/cloud-platform"]
[debug] [2022-07-14T03:06:18.972Z] > authorizing via signed-in user (menima2010@gmail.com)
[info] 
     ######## #### ########  ######## ########     ###     ######  ########
     ##        ##  ##     ## ##       ##     ##  ##   ##  ##       ##
     ######    ##  ########  ######   ########  #########  ######  ######
     ##        ##  ##    ##  ##       ##     ## ##     ##       ## ##
     ##       #### ##     ## ######## ########  ##     ##  ######  ########

You're about to initialize a Firebase project in this directory:

  C:\Users\USUARIO\miproye\FRONTEND

[info] 
=== Project Setup
[info] 
[info] First, let's associate this project directory with a Firebase project.
[info] You can create multiple project aliases by running firebase use --add, 
[info] but for now we'll just set up a default project.
[info] 
[debug] [2022-07-14T03:15:43.054Z] Error: kill ENOSYS
    at process.kill (node:internal/process/per_thread:220:13)
    at process.listener (C:\Users\USUARIO\AppData\Roaming\npm\node_modules\firebase-tools\node_modules\signal-exit\index.js:95:15)
    at process.emit (node:events:527:28)
[error] 
[error] Error: An unexpected error has occurred.
